<?xml version="1.0" encoding="UTF-8"?>
<testng-results skipped="0" failed="0" ignored="0" total="6" passed="6">
  <reporter-output>
  </reporter-output>
  <suite name="Default suite" duration-ms="56" started-at="2020-10-18T09:29:39Z" finished-at="2020-10-18T09:29:39Z">
    <groups>
    </groups>
    <test name="Default test" duration-ms="56" started-at="2020-10-18T09:29:39Z" finished-at="2020-10-18T09:29:39Z">
      <class name="SeleniumImportant.TestNGPriority">
        <test-method status="PASS" signature="One()[pri:-1, instance:SeleniumImportant.TestNGPriority@5649fd9b]" name="One" duration-ms="12" started-at="2020-10-18T14:59:39Z" finished-at="2020-10-18T14:59:39Z">
          <reporter-output>
          </reporter-output>
        </test-method> <!-- One -->
        <test-method status="PASS" signature="Two()[pri:0, instance:SeleniumImportant.TestNGPriority@5649fd9b]" name="Two" duration-ms="2" started-at="2020-10-18T14:59:39Z" finished-at="2020-10-18T14:59:39Z">
          <reporter-output>
          </reporter-output>
        </test-method> <!-- Two -->
        <test-method status="PASS" signature="Three()[pri:1, instance:SeleniumImportant.TestNGPriority@5649fd9b]" name="Three" duration-ms="2" started-at="2020-10-18T14:59:39Z" finished-at="2020-10-18T14:59:39Z">
          <reporter-output>
          </reporter-output>
        </test-method> <!-- Three -->
        <test-method status="PASS" signature="Threeone()[pri:1, instance:SeleniumImportant.TestNGPriority@5649fd9b]" name="Threeone" duration-ms="1" started-at="2020-10-18T14:59:39Z" finished-at="2020-10-18T14:59:39Z">
          <reporter-output>
          </reporter-output>
        </test-method> <!-- Threeone -->
        <test-method status="PASS" signature="Threetwo()[pri:1, instance:SeleniumImportant.TestNGPriority@5649fd9b]" name="Threetwo" duration-ms="1" started-at="2020-10-18T14:59:39Z" finished-at="2020-10-18T14:59:39Z">
          <reporter-output>
          </reporter-output>
        </test-method> <!-- Threetwo -->
        <test-method status="PASS" signature="Four()[pri:2, instance:SeleniumImportant.TestNGPriority@5649fd9b]" name="Four" duration-ms="1" started-at="2020-10-18T14:59:39Z" finished-at="2020-10-18T14:59:39Z">
          <reporter-output>
          </reporter-output>
        </test-method> <!-- Four -->
      </class> <!-- SeleniumImportant.TestNGPriority -->
    </test> <!-- Default test -->
  </suite> <!-- Default suite -->
</testng-results>
